<?xml version="1.0" encoding="UTF-8"?>
<testng-results skipped="0" failed="0" ignored="0" total="1" passed="1">
  <reporter-output>
  </reporter-output>
  <suite name="Default suite" duration-ms="4835" started-at="2018-11-26T16:10:16Z" finished-at="2018-11-26T16:10:21Z">
    <groups>
    </groups>
    <test name="Default test" duration-ms="4835" started-at="2018-11-26T16:10:16Z" finished-at="2018-11-26T16:10:21Z">
      <class name="com.qa.rest.tests.PostCallWithJavaObjects">
        <test-method status="PASS" signature="createCustomerTest()[pri:0, instance:com.qa.rest.tests.PostCallWithJavaObjects@4678c730]" name="createCustomerTest" duration-ms="4800" started-at="2018-11-26T16:10:16Z" finished-at="2018-11-26T16:10:21Z">
          <reporter-output>
          </reporter-output>
        </test-method> <!-- createCustomerTest -->
      </class> <!-- com.qa.rest.tests.PostCallWithJavaObjects -->
    </test> <!-- Default test -->
  </suite> <!-- Default suite -->
</testng-results>
